<?xml version="1.0" encoding="UTF-8"?>
<!-- Generated by org.testng.reporters.JUnitReportReporter -->
<testsuite hostname="DESKTOP-RNCEDP5" failures="0" tests="7" name="pkg1.DataDrivenTesting" time="0.091" errors="0" timestamp="18 Jun 2025 16:07:54 GMT">
  <testcase classname="pkg1.DataDrivenTesting" name="testcase1" time="0.018"/>
  <testcase classname="pkg1.DataDrivenTesting" name="testcase1" time="0.017"/>
  <testcase classname="pkg1.DataDrivenTesting" name="testcase1" time="0.005"/>
  <testcase classname="pkg1.DataDrivenTesting" name="testcase1" time="0.002"/>
  <testcase classname="pkg1.DataDrivenTesting" name="testcase1" time="0.041"/>
  <testcase classname="pkg1.DataDrivenTesting" name="testcase1" time="0.003"/>
  <testcase classname="pkg1.DataDrivenTesting" name="testcase1" time="0.005"/>
</testsuite> <!-- pkg1.DataDrivenTesting -->
